[ns_server:info,2020-02-11T18:44:59.290Z,babysitter_of_ns_1@127.0.0.1:<0.56.0>:ns_babysitter:init_logging:115]Brought up babysitter logging
[ns_server:info,2020-02-11T18:44:59.292Z,babysitter_of_ns_1@127.0.0.1:<0.56.0>:ns_babysitter:log_pending:80]Static config terms:
[{error_logger_mf_dir,"/opt/couchbase/var/lib/couchbase/logs"},
 {path_config_bindir,"/opt/couchbase/bin"},
 {path_config_etcdir,"/opt/couchbase/etc/couchbase"},
 {path_config_libdir,"/opt/couchbase/lib"},
 {path_config_datadir,"/opt/couchbase/var/lib/couchbase"},
 {path_config_tmpdir,"/opt/couchbase/var/lib/couchbase/tmp"},
 {path_config_secdir,"/opt/couchbase/etc/security"},
 {nodefile,"/opt/couchbase/var/lib/couchbase/couchbase-server.node"},
 {loglevel_default,debug},
 {loglevel_couchdb,info},
 {loglevel_ns_server,debug},
 {loglevel_error_logger,debug},
 {loglevel_user,debug},
 {loglevel_menelaus,debug},
 {loglevel_ns_doctor,debug},
 {loglevel_stats,debug},
 {loglevel_rebalance,debug},
 {loglevel_cluster,debug},
 {loglevel_views,debug},
 {loglevel_mapreduce_errors,debug},
 {loglevel_xdcr,debug},
 {loglevel_access,info},
 {disk_sink_opts,[{rotation,[{compress,true},
                             {size,41943040},
                             {num_files,10},
                             {buffer_size_max,52428800}]}]},
 {disk_sink_opts_json_rpc,[{rotation,[{compress,true},
                                      {size,41943040},
                                      {num_files,2},
                                      {buffer_size_max,52428800}]}]},
 {net_kernel_verbosity,10},
 {ipv6,false}]
[ns_server:debug,2020-02-11T18:44:59.294Z,babysitter_of_ns_1@127.0.0.1:<0.56.0>:dist_manager:configure_net_kernel:259]Set net_kernel vebosity to 10 -> 0
[ns_server:info,2020-02-11T18:44:59.302Z,babysitter_of_ns_1@127.0.0.1:<0.56.0>:ns_babysitter:start:54]babysitter cookie: '88c05bda0cff50bd3d91181de17709bebf1fbc007ef72263bacfe01941b7c50b'

[ns_server:info,2020-02-11T18:44:59.365Z,babysitter_of_ns_1@127.0.0.1:<0.56.0>:ns_babysitter:maybe_write_file:70]Saved babysitter cookie to /opt/couchbase/var/lib/couchbase/couchbase-server.babysitter.cookie
[ns_server:info,2020-02-11T18:44:59.369Z,babysitter_of_ns_1@127.0.0.1:<0.56.0>:ns_babysitter:maybe_write_file:70]Saved babysitter node name to /opt/couchbase/var/lib/couchbase/couchbase-server.babysitter.node
[ns_server:info,2020-02-11T18:44:59.374Z,babysitter_of_ns_1@127.0.0.1:ns_crash_log<0.67.0>:ns_crash_log:init:57]crash_log path: /opt/couchbase/var/lib/couchbase/logs/crash_log_v2.bin
[ns_server:warn,2020-02-11T18:44:59.374Z,babysitter_of_ns_1@127.0.0.1:ns_crash_log<0.67.0>:ns_crash_log:read_crash_log:148]Couldn't load crash_log from /opt/couchbase/var/lib/couchbase/logs/crash_log_v2.bin (perhaps it's first startup): {error,
                                                                                                                   enoent}
[error_logger:info,2020-02-11T18:44:59.375Z,babysitter_of_ns_1@127.0.0.1:error_logger<0.6.0>:ale_error_logger_handler:do_log:203]
=========================PROGRESS REPORT=========================
          supervisor: {local,ns_babysitter_sup}
             started: [{pid,<0.67.0>},
                       {name,ns_crash_log},
                       {mfargs,{ns_crash_log,start_link,[]}},
                       {restart_type,permanent},
                       {shutdown,1000},
                       {child_type,worker}]

[ns_server:debug,2020-02-11T18:44:59.400Z,babysitter_of_ns_1@127.0.0.1:<0.70.0>:supervisor_cushion:init:39]starting ns_port_server with delay of 5000
[ns_server:debug,2020-02-11T18:44:59.403Z,babysitter_of_ns_1@127.0.0.1:<0.69.0>:restartable:start_child:98]Started child process <0.70.0>
  MFA: {supervisor_cushion,start_link,
                           [ns_server,5000,infinity,ns_port_server,start_link,
                            [#Fun<ns_child_ports_sup.4.5182122>]]}
[error_logger:info,2020-02-11T18:44:59.403Z,babysitter_of_ns_1@127.0.0.1:error_logger<0.6.0>:ale_error_logger_handler:do_log:203]
=========================PROGRESS REPORT=========================
          supervisor: {local,child_ns_server_sup}
             started: [{pid,<0.69.0>},
                       {name,
                           {ns_server,"/opt/couchbase/lib/erlang/bin/erl",
                               ["+A","16","-smp","enable","+sbt","u","+P",
                                "327680","+K","true","+swt","low","+MMmcs",
                                "30","+e102400","-setcookie","nocookie",
                                "-kernel","inet_dist_listen_min","21100",
                                "inet_dist_listen_max","21299","error_logger",
                                "false","-sasl","sasl_error_logger","false",
                                "-user","user_io","-run","child_erlang",
                                "child_start","ns_bootstrap","--","-smp",
                                "enable","-proto_dist","inet_tcp",
                                "-couch_ini",
                                "/opt/couchbase/etc/couchdb/default.ini",
                                "/opt/couchbase/etc/couchdb/default.d/capi.ini",
                                "/opt/couchbase/etc/couchdb/default.d/geocouch.ini",
                                "/opt/couchbase/etc/couchdb/local.ini"],
                               [{env,
                                    [{"NS_SERVER_BABYSITTER_COOKIE",
                                      "88c05bda0cff50bd3d91181de17709bebf1fbc007ef72263bacfe01941b7c50b"},
                                     {"NS_SERVER_BABYSITTER_PID","41"},
                                     {"CHILD_ERLANG_ENV_ARGS",
                                      "[{sasl,\n     [{errlog_type,all},{included_applications,[]},{sasl_error_logger,false}]},\n {kernel,\n     [{inet_dist_listen_min,21100},\n      {inet_dist_listen_max,21299},\n      {included_applications,[]},\n      {error_logger,false},\n      {global_enable_tracing,false}]},\n {ns_babysitter,\n     [{nodefile,\n          \"/opt/couchbase/var/lib/couchbase/couchbase-server.babysitter.node\"},\n      {included_applications,[]},\n      {pidfile,\"/opt/couchbase/var/lib/couchbase/couchbase-server.pid\"},\n      {cookiefile,\n          \"/opt/couchbase/var/lib/couchbase/couchbase-server.babysitter.cookie\"}]},\n {ns_server,\n     [{max_t,10},\n      {included_applications,[]},\n      {loglevel_cluster,debug},\n      {path_config_libdir,\"/opt/couchbase/lib\"},\n      {path_config_tmpdir,\"/opt/couchbase/var/lib/couchbase/tmp\"},\n      {loglevel_ns_server,debug},\n      {loglevel_access,info},\n      {loglevel_error_logger,debug},\n      {loglevel_xdcr,debug},\n      {path_config_secdir,\"/opt/couchbase/etc/security\"},\n      {loglevel_mapreduce_errors,debug},\n      {loglevel_ns_doctor,debug},\n      {loglevel_default,debug},\n      {ipv6,false},\n      {loglevel_stats,debug},\n      {config_path,\"/opt/couchbase/etc/couchbase/static_config\"},\n      {loglevel_user,debug},\n      {error_logger_mf_dir,\"/opt/couchbase/var/lib/couchbase/logs\"},\n      {disk_sink_opts_json_rpc,\n          [{rotation,\n               [{compress,true},\n                {size,41943040},\n                {num_files,2},\n                {buffer_size_max,52428800}]}]},\n      {path_config_etcdir,\"/opt/couchbase/etc/couchbase\"},\n      {nodefile,\"/opt/couchbase/var/lib/couchbase/couchbase-server.node\"},\n      {path_config_bindir,\"/opt/couchbase/bin\"},\n      {net_kernel_verbosity,10},\n      {max_r,20},\n      {loglevel_rebalance,debug},\n      {loglevel_menelaus,debug},\n      {disk_sink_opts,\n          [{rotation,\n               [{compress,true},\n                {size,41943040},\n                {num_files,10},\n                {buffer_size_max,52428800}]}]},\n      {loglevel_views,debug},\n      {path_config_datadir,\"/opt/couchbase/var/lib/couchbase\"},\n      {loglevel_couchdb,info}]}]"},
                                     {"ERL_CRASH_DUMP",
                                      "erl_crash.dump.1581446694.41.ns_server"}]},
                                exit_status,use_stdio,stream,eof]}},
                       {mfargs,
                           {restartable,start_link,
                               [{supervisor_cushion,start_link,
                                    [ns_server,5000,infinity,ns_port_server,
                                     start_link,
                                     [#Fun<ns_child_ports_sup.4.5182122>]]},
                                86400000]}},
                       {restart_type,permanent},
                       {shutdown,infinity},
                       {child_type,worker}]

[error_logger:info,2020-02-11T18:44:59.404Z,babysitter_of_ns_1@127.0.0.1:error_logger<0.6.0>:ale_error_logger_handler:do_log:203]
=========================PROGRESS REPORT=========================
          supervisor: {local,ns_babysitter_sup}
             started: [{pid,<0.68.0>},
                       {name,child_ns_server_sup},
                       {mfargs,{child_ns_server_sup,start_link,[]}},
                       {restart_type,permanent},
                       {shutdown,infinity},
                       {child_type,supervisor}]

[error_logger:info,2020-02-11T18:44:59.404Z,babysitter_of_ns_1@127.0.0.1:error_logger<0.6.0>:ale_error_logger_handler:do_log:203]
=========================PROGRESS REPORT=========================
          supervisor: {local,ns_babysitter_sup}
             started: [{pid,<0.72.0>},
                       {name,ns_child_ports_sup},
                       {mfargs,{ns_child_ports_sup,start_link,[]}},
                       {restart_type,permanent},
                       {shutdown,infinity},
                       {child_type,supervisor}]

[error_logger:info,2020-02-11T18:44:59.405Z,babysitter_of_ns_1@127.0.0.1:error_logger<0.6.0>:ale_error_logger_handler:do_log:203]
=========================PROGRESS REPORT=========================
          supervisor: {local,ns_babysitter_sup}
             started: [{pid,<0.73.0>},
                       {name,ns_ports_manager},
                       {mfargs,{ns_ports_manager,start_link,[]}},
                       {restart_type,permanent},
                       {shutdown,1000},
                       {child_type,worker}]

[ns_server:info,2020-02-11T18:44:59.405Z,babysitter_of_ns_1@127.0.0.1:<0.2.0>:ns_babysitter_bootstrap:start:27]41: babysitter has started
[error_logger:info,2020-02-11T18:44:59.405Z,babysitter_of_ns_1@127.0.0.1:error_logger<0.6.0>:ale_error_logger_handler:do_log:203]
=========================PROGRESS REPORT=========================
         application: ns_babysitter
          started_at: 'babysitter_of_ns_1@127.0.0.1'

[ns_server:debug,2020-02-11T18:45:06.440Z,babysitter_of_ns_1@127.0.0.1:ns_ports_manager<0.73.0>:ns_ports_manager:handle_call:88]New list of children is received: [memcached,saslauthd_port,goxdcr]
[ns_server:info,2020-02-11T18:45:06.445Z,babysitter_of_ns_1@127.0.0.1:ns_ports_manager<0.73.0>:ns_child_ports_sup:launch_port:96]supervising port: {memcached,"/opt/couchbase/bin/memcached",
                             ["-C",
                              "/opt/couchbase/var/lib/couchbase/config/memcached.json"],
                             [{env,[{"EVENT_NOSELECT","1"},
                                    {"MEMCACHED_TOP_KEYS","5"},
                                    {"CBSASL_PWFILE",
                                     "/opt/couchbase/var/lib/couchbase/isasl.pw"}]},
                              use_stdio,stderr_to_stdout,exit_status,
                              port_server_dont_start,stream]}
[ns_server:debug,2020-02-11T18:45:06.445Z,babysitter_of_ns_1@127.0.0.1:<0.77.0>:supervisor_cushion:init:39]starting ns_port_server with delay of 5000
[ns_server:debug,2020-02-11T18:45:06.446Z,babysitter_of_ns_1@127.0.0.1:<0.76.0>:restartable:start_child:98]Started child process <0.77.0>
  MFA: {supervisor_cushion,start_link,
                           [memcached,5000,infinity,ns_port_server,start_link,
                            [#Fun<ns_child_ports_sup.4.5182122>]]}
[ns_server:info,2020-02-11T18:45:06.446Z,babysitter_of_ns_1@127.0.0.1:ns_ports_manager<0.73.0>:ns_child_ports_sup:launch_port:96]supervising port: {saslauthd_port,"/opt/couchbase/bin/saslauthd-port",[],
                      [use_stdio,exit_status,stderr_to_stdout,
                       {env,
                           [{"GOTRACEBACK","single"},
                            {"CBAUTH_REVRPC_URL",
                             <<183,12,182,67,178,171,23,252,127,27,121,
                               132,251,90,52,19,12,65,118,162,215,56,227,
                               62,248,237,186,121,13,179,161,32>>}]}]}
[ns_server:debug,2020-02-11T18:45:06.446Z,babysitter_of_ns_1@127.0.0.1:<0.80.0>:supervisor_cushion:init:39]starting ns_port_server with delay of 5000
[error_logger:info,2020-02-11T18:45:06.446Z,babysitter_of_ns_1@127.0.0.1:error_logger<0.6.0>:ale_error_logger_handler:do_log:203]
=========================PROGRESS REPORT=========================
          supervisor: {local,ns_child_ports_sup}
             started: [{pid,<0.76.0>},
                       {name,
                           {memcached,"/opt/couchbase/bin/memcached",
                               ["-C",
                                "/opt/couchbase/var/lib/couchbase/config/memcached.json"],
                               [{env,
                                    [{"EVENT_NOSELECT","1"},
                                     {"MEMCACHED_TOP_KEYS","5"},
                                     {"CBSASL_PWFILE",
                                      "/opt/couchbase/var/lib/couchbase/isasl.pw"}]},
                                use_stdio,stderr_to_stdout,exit_status,
                                port_server_dont_start,stream]}},
                       {mfargs,
                           {restartable,start_link,
                               [{supervisor_cushion,start_link,
                                    [memcached,5000,infinity,ns_port_server,
                                     start_link,
                                     [#Fun<ns_child_ports_sup.4.5182122>]]},
                                86400000]}},
                       {restart_type,permanent},
                       {shutdown,infinity},
                       {child_type,worker}]

[ns_server:debug,2020-02-11T18:45:06.447Z,babysitter_of_ns_1@127.0.0.1:<0.79.0>:restartable:start_child:98]Started child process <0.80.0>
  MFA: {supervisor_cushion,start_link,
                           [saslauthd_port,5000,infinity,ns_port_server,
                            start_link,
                            [#Fun<ns_child_ports_sup.4.5182122>]]}
[ns_server:info,2020-02-11T18:45:06.447Z,babysitter_of_ns_1@127.0.0.1:ns_ports_manager<0.73.0>:ns_child_ports_sup:launch_port:96]supervising port: {goxdcr,"/opt/couchbase/bin/goxdcr",
                          ["-sourceKVAdminPort=8091","-xdcrRestPort=9998",
                           "-isEnterprise=false","-ipv6=false"],
                          [via_goport,exit_status,stderr_to_stdout,
                           {log,"goxdcr.log"},
                           {env,[{"GOTRACEBACK","single"},
                                 {"CBAUTH_REVRPC_URL",
                                  <<251,47,216,78,227,197,123,42,83,36,
                                    169,250,146,202,89,146,167,15,130,99,
                                    200,191,181,25,193,118,197,216,199,
                                    166,99,66>>}]}]}
[error_logger:info,2020-02-11T18:45:06.447Z,babysitter_of_ns_1@127.0.0.1:error_logger<0.6.0>:ale_error_logger_handler:do_log:203]
=========================PROGRESS REPORT=========================
          supervisor: {local,ns_child_ports_sup}
             started: [{pid,<0.79.0>},
                       {name,
                           {saslauthd_port,
                               "/opt/couchbase/bin/saslauthd-port",[],
                               [use_stdio,exit_status,stderr_to_stdout,
                                {env,
                                    [{"GOTRACEBACK","single"},
                                     {"CBAUTH_REVRPC_URL",
                                      <<183,12,182,67,178,171,23,252,127,
                                        27,121,132,251,90,52,19,12,65,
                                        118,162,215,56,227,62,248,237,
                                        186,121,13,179,161,32>>}]}]}},
                       {mfargs,
                           {restartable,start_link,
                               [{supervisor_cushion,start_link,
                                    [saslauthd_port,5000,infinity,
                                     ns_port_server,start_link,
                                     [#Fun<ns_child_ports_sup.4.5182122>]]},
                                86400000]}},
                       {restart_type,permanent},
                       {shutdown,infinity},
                       {child_type,worker}]

[ns_server:debug,2020-02-11T18:45:06.447Z,babysitter_of_ns_1@127.0.0.1:<0.83.0>:supervisor_cushion:init:39]starting ns_port_server with delay of 5000
[error_logger:info,2020-02-11T18:45:06.449Z,babysitter_of_ns_1@127.0.0.1:error_logger<0.6.0>:ale_error_logger_handler:do_log:203]
=========================PROGRESS REPORT=========================
          supervisor: {local,ale_dynamic_sup}
             started: [{pid,<0.85.0>},
                       {name,'sink-goxdcr'},
                       {mfargs,
                        {ale_dynamic_sup,delay_death,
                         [{ale_disk_sink,start_link,
                           ['sink-goxdcr',
                            "/opt/couchbase/var/lib/couchbase/logs/goxdcr.log",
                            [{rotation,
                              [{compress,true},
                               {size,41943040},
                               {num_files,10},
                               {buffer_size_max,52428800}]}]]},
                          1000]}},
                       {restart_type,permanent},
                       {shutdown,5000},
                       {child_type,worker}]

[ns_server:debug,2020-02-11T18:45:06.701Z,babysitter_of_ns_1@127.0.0.1:<0.82.0>:restartable:start_child:98]Started child process <0.83.0>
  MFA: {supervisor_cushion,start_link,
                           [goxdcr,5000,infinity,ns_port_server,start_link,
                            [#Fun<ns_child_ports_sup.4.5182122>]]}
[error_logger:info,2020-02-11T18:45:06.701Z,babysitter_of_ns_1@127.0.0.1:error_logger<0.6.0>:ale_error_logger_handler:do_log:203]
=========================PROGRESS REPORT=========================
          supervisor: {local,ns_child_ports_sup}
             started: [{pid,<0.82.0>},
                       {name,
                           {goxdcr,"/opt/couchbase/bin/goxdcr",
                               ["-sourceKVAdminPort=8091",
                                "-xdcrRestPort=9998","-isEnterprise=false",
                                "-ipv6=false"],
                               [via_goport,exit_status,stderr_to_stdout,
                                {log,"goxdcr.log"},
                                {env,
                                    [{"GOTRACEBACK","single"},
                                     {"CBAUTH_REVRPC_URL",
                                      <<251,47,216,78,227,197,123,42,83,
                                        36,169,250,146,202,89,146,167,15,
                                        130,99,200,191,181,25,193,118,
                                        197,216,199,166,99,66>>}]}]}},
                       {mfargs,
                           {restartable,start_link,
                               [{supervisor_cushion,start_link,
                                    [goxdcr,5000,infinity,ns_port_server,
                                     start_link,
                                     [#Fun<ns_child_ports_sup.4.5182122>]]},
                                86400000]}},
                       {restart_type,permanent},
                       {shutdown,infinity},
                       {child_type,worker}]

[error_logger:info,2020-02-11T18:45:06.925Z,babysitter_of_ns_1@127.0.0.1:error_logger<0.6.0>:ale_error_logger_handler:do_log:203]
=========================PROGRESS REPORT=========================
          supervisor: {local,kernel_safe_sup}
             started: [{pid,<0.92.0>},
                       {name,timer2_server},
                       {mfargs,{timer2,start_link,[]}},
                       {restart_type,permanent},
                       {shutdown,1000},
                       {child_type,worker}]

[ns_server:info,2020-02-11T18:45:07.126Z,babysitter_of_ns_1@127.0.0.1:<0.71.0>:ns_port_server:log:223]ns_server<0.71.0>: working as port
ns_server<0.71.0>: 152: Booted. Waiting for shutdown request

[ns_server:info,2020-02-11T18:45:07.632Z,babysitter_of_ns_1@127.0.0.1:<0.78.0>:ns_port_server:log:223]memcached<0.78.0>: set_mempolicy: Operation not permitted
memcached<0.78.0>: 2020-02-11T18:45:07.433305+00:00 INFO Setting SSL minimum protocol to: tlsv1
memcached<0.78.0>: 2020-02-11T18:45:07.433835+00:00 INFO Breakpad enabled. Minidumps will be written to '/opt/couchbase/var/lib/couchbase/crash'
memcached<0.78.0>: 2020-02-11T18:45:07.434022+00:00 INFO Setting SSL minimum protocol to: tlsv1
memcached<0.78.0>: 2020-02-11T18:45:07.436915+00:00 INFO Disabling Breakpad
memcached<0.78.0>: 2020-02-11T18:45:07.436979+00:00 INFO Breakpad enabled. Minidumps will be written to '/opt/couchbase/var/lib/couchbase/crash'

[ns_server:info,2020-02-11T19:26:48.493Z,babysitter_of_ns_1@127.0.0.1:<0.78.0>:ns_port_server:log:223]memcached<0.78.0>: 2020-02-11T19:26:48.276455+00:00 WARNING 58: User [<ud>Administrator</ud>] not found. UUID:[fb5bd415-f033-4ed8-8c99-3060d367dd43]
memcached<0.78.0>: 2020-02-11T19:26:48.276465+00:00 WARNING 60: User [<ud>Administrator</ud>] not found. UUID:[e0d55a3d-c91c-487c-3937-906b841ec2da]

[ns_server:info,2020-02-11T19:26:49.095Z,babysitter_of_ns_1@127.0.0.1:<0.78.0>:ns_port_server:log:223]memcached<0.78.0>: 2020-02-11T19:26:48.797589+00:00 WARNING 58: User [<ud>Administrator</ud>] not found. UUID:[f3d2bdb5-339d-4b8c-7827-0f02eba17e84]
memcached<0.78.0>: 2020-02-11T19:26:48.798834+00:00 WARNING 60: User [<ud>Administrator</ud>] not found. UUID:[11beabb5-94a2-467e-4ad5-a3096271cd51]

[ns_server:info,2020-02-11T19:27:59.939Z,babysitter_of_ns_1@127.0.0.1:<0.78.0>:ns_port_server:log:223]memcached<0.78.0>: 2020-02-11T19:27:59.621333+00:00 WARNING 58: User [<ud>Administrator</ud>] not found. UUID:[a14ead5d-21fa-498d-1d3f-3e4e451edeb1]
memcached<0.78.0>: 2020-02-11T19:27:59.621433+00:00 WARNING 60: User [<ud>Administrator</ud>] not found. UUID:[8f19be38-32a9-4d1e-76c6-e811cebbc2fc]

[ns_server:debug,2020-02-11T19:29:05.559Z,babysitter_of_ns_1@127.0.0.1:ns_ports_manager<0.73.0>:ns_ports_manager:handle_call:88]New list of children is received: [memcached,projector,indexer,query,
                                   saslauthd_port,goxdcr,fts]
[ns_server:info,2020-02-11T19:29:05.564Z,babysitter_of_ns_1@127.0.0.1:ns_ports_manager<0.73.0>:ns_child_ports_sup:launch_port:96]supervising port: {projector,"/opt/couchbase/bin/projector",
                             ["-kvaddrs=127.0.0.1:11210","-adminport=:9999",
                              "-diagDir=/opt/couchbase/var/lib/couchbase/crash",
                              "-ipv6=false","127.0.0.1:8091"],
                             [via_goport,exit_status,stderr_to_stdout,
                              {log,"projector.log"},
                              {env,[{"GOTRACEBACK","single"},
                                    {"CBAUTH_REVRPC_URL",
                                     <<83,146,219,185,80,182,141,116,133,
                                       162,52,0,221,108,21,233,115,146,
                                       200,28,42,102,93,147,222,104,20,89,
                                       82,17,112,19>>}]}]}
[ns_server:debug,2020-02-11T19:29:05.564Z,babysitter_of_ns_1@127.0.0.1:<0.135.0>:supervisor_cushion:init:39]starting ns_port_server with delay of 5000
[error_logger:info,2020-02-11T19:29:05.565Z,babysitter_of_ns_1@127.0.0.1:error_logger<0.6.0>:ale_error_logger_handler:do_log:203]
=========================PROGRESS REPORT=========================
          supervisor: {local,ale_dynamic_sup}
             started: [{pid,<0.137.0>},
                       {name,'sink-projector'},
                       {mfargs,
                        {ale_dynamic_sup,delay_death,
                         [{ale_disk_sink,start_link,
                           ['sink-projector',
                            "/opt/couchbase/var/lib/couchbase/logs/projector.log",
                            [{rotation,
                              [{compress,true},
                               {size,41943040},
                               {num_files,10},
                               {buffer_size_max,52428800}]}]]},
                          1000]}},
                       {restart_type,permanent},
                       {shutdown,5000},
                       {child_type,worker}]

[ns_server:debug,2020-02-11T19:29:05.658Z,babysitter_of_ns_1@127.0.0.1:<0.134.0>:restartable:start_child:98]Started child process <0.135.0>
  MFA: {supervisor_cushion,start_link,
                           [projector,5000,infinity,ns_port_server,start_link,
                            [#Fun<ns_child_ports_sup.4.5182122>]]}
[error_logger:info,2020-02-11T19:29:05.658Z,babysitter_of_ns_1@127.0.0.1:error_logger<0.6.0>:ale_error_logger_handler:do_log:203]
=========================PROGRESS REPORT=========================
          supervisor: {local,ns_child_ports_sup}
             started: [{pid,<0.134.0>},
                       {name,
                           {projector,"/opt/couchbase/bin/projector",
                               ["-kvaddrs=127.0.0.1:11210","-adminport=:9999",
                                "-diagDir=/opt/couchbase/var/lib/couchbase/crash",
                                "-ipv6=false","127.0.0.1:8091"],
                               [via_goport,exit_status,stderr_to_stdout,
                                {log,"projector.log"},
                                {env,
                                    [{"GOTRACEBACK","single"},
                                     {"CBAUTH_REVRPC_URL",
                                      <<83,146,219,185,80,182,141,116,
                                        133,162,52,0,221,108,21,233,115,
                                        146,200,28,42,102,93,147,222,104,
                                        20,89,82,17,112,19>>}]}]}},
                       {mfargs,
                           {restartable,start_link,
                               [{supervisor_cushion,start_link,
                                    [projector,5000,infinity,ns_port_server,
                                     start_link,
                                     [#Fun<ns_child_ports_sup.4.5182122>]]},
                                86400000]}},
                       {restart_type,permanent},
                       {shutdown,infinity},
                       {child_type,worker}]

[ns_server:info,2020-02-11T19:29:05.658Z,babysitter_of_ns_1@127.0.0.1:ns_ports_manager<0.73.0>:ns_child_ports_sup:launch_port:96]supervising port: {indexer,"/opt/couchbase/bin/indexer",
                           ["-vbuckets=1024","-cluster=127.0.0.1:8091",
                            "-adminPort=9100","-scanPort=9101",
                            "-httpPort=9102","-streamInitPort=9103",
                            "-streamCatchupPort=9104","-streamMaintPort=9105",
                            "-storageDir=/opt/couchbase/var/lib/couchbase/data/@2i",
                            "-diagDir=/opt/couchbase/var/lib/couchbase/crash",
                            "-nodeUUID=02d284877f9d875208be55443a1c9576",
                            "-ipv6=false","-isEnterprise=false"],
                           [via_goport,exit_status,stderr_to_stdout,
                            {log,"indexer.log"},
                            {env,[{"GOTRACEBACK","single"},
                                  {"CBAUTH_REVRPC_URL",
                                   <<89,171,108,135,213,172,118,152,226,
                                     225,165,5,7,92,234,138,205,191,27,36,
                                     8,89,13,104,179,84,223,210,163,239,
                                     76,52>>}]}]}
[ns_server:debug,2020-02-11T19:29:05.659Z,babysitter_of_ns_1@127.0.0.1:<0.144.0>:supervisor_cushion:init:39]starting ns_port_server with delay of 5000
[error_logger:info,2020-02-11T19:29:05.662Z,babysitter_of_ns_1@127.0.0.1:error_logger<0.6.0>:ale_error_logger_handler:do_log:203]
=========================PROGRESS REPORT=========================
          supervisor: {local,ale_dynamic_sup}
             started: [{pid,<0.146.0>},
                       {name,'sink-indexer'},
                       {mfargs,
                        {ale_dynamic_sup,delay_death,
                         [{ale_disk_sink,start_link,
                           ['sink-indexer',
                            "/opt/couchbase/var/lib/couchbase/logs/indexer.log",
                            [{rotation,
                              [{compress,true},
                               {size,41943040},
                               {num_files,10},
                               {buffer_size_max,52428800}]}]]},
                          1000]}},
                       {restart_type,permanent},
                       {shutdown,5000},
                       {child_type,worker}]

[ns_server:debug,2020-02-11T19:29:05.770Z,babysitter_of_ns_1@127.0.0.1:<0.143.0>:restartable:start_child:98]Started child process <0.144.0>
  MFA: {supervisor_cushion,start_link,
                           [indexer,5000,infinity,ns_port_server,start_link,
                            [#Fun<ns_child_ports_sup.4.5182122>]]}
[ns_server:info,2020-02-11T19:29:05.770Z,babysitter_of_ns_1@127.0.0.1:ns_ports_manager<0.73.0>:ns_child_ports_sup:launch_port:96]supervising port: {query,"/opt/couchbase/bin/cbq-engine",
                         ["--datastore=http://127.0.0.1:8091","--http=:8093",
                          "--configstore=http://127.0.0.1:8091",
                          "--enterprise=false","--ipv6=false"],
                         [via_goport,exit_status,stderr_to_stdout,
                          {env,[{"GOTRACEBACK","single"},
                                {"CBAUTH_REVRPC_URL",
                                 <<203,223,20,63,49,56,149,240,96,89,114,71,
                                   154,126,127,148,232,95,168,85,4,229,161,
                                   158,42,76,156,158,148,93,55,50>>},
                                {"CBAUTH_TLS_CONFIG",
                                 "{\"minTLSVersion\":\"tlsv1\",\"ciphersStrength\":[\"high\"]}"}]},
                          {log,"query.log"}]}
[error_logger:info,2020-02-11T19:29:05.771Z,babysitter_of_ns_1@127.0.0.1:error_logger<0.6.0>:ale_error_logger_handler:do_log:203]
=========================PROGRESS REPORT=========================
          supervisor: {local,ns_child_ports_sup}
             started: [{pid,<0.143.0>},
                       {name,
                           {indexer,"/opt/couchbase/bin/indexer",
                               ["-vbuckets=1024","-cluster=127.0.0.1:8091",
                                "-adminPort=9100","-scanPort=9101",
                                "-httpPort=9102","-streamInitPort=9103",
                                "-streamCatchupPort=9104",
                                "-streamMaintPort=9105",
                                "-storageDir=/opt/couchbase/var/lib/couchbase/data/@2i",
                                "-diagDir=/opt/couchbase/var/lib/couchbase/crash",
                                "-nodeUUID=02d284877f9d875208be55443a1c9576",
                                "-ipv6=false","-isEnterprise=false"],
                               [via_goport,exit_status,stderr_to_stdout,
                                {log,"indexer.log"},
                                {env,
                                    [{"GOTRACEBACK","single"},
                                     {"CBAUTH_REVRPC_URL",
                                      <<89,171,108,135,213,172,118,152,
                                        226,225,165,5,7,92,234,138,205,
                                        191,27,36,8,89,13,104,179,84,223,
                                        210,163,239,76,52>>}]}]}},
                       {mfargs,
                           {restartable,start_link,
                               [{supervisor_cushion,start_link,
                                    [indexer,5000,infinity,ns_port_server,
                                     start_link,
                                     [#Fun<ns_child_ports_sup.4.5182122>]]},
                                86400000]}},
                       {restart_type,permanent},
                       {shutdown,infinity},
                       {child_type,worker}]

[ns_server:debug,2020-02-11T19:29:05.772Z,babysitter_of_ns_1@127.0.0.1:<0.153.0>:supervisor_cushion:init:39]starting ns_port_server with delay of 5000
[error_logger:info,2020-02-11T19:29:05.778Z,babysitter_of_ns_1@127.0.0.1:error_logger<0.6.0>:ale_error_logger_handler:do_log:203]
=========================PROGRESS REPORT=========================
          supervisor: {local,ale_dynamic_sup}
             started: [{pid,<0.155.0>},
                       {name,'sink-query'},
                       {mfargs,
                        {ale_dynamic_sup,delay_death,
                         [{ale_disk_sink,start_link,
                           ['sink-query',
                            "/opt/couchbase/var/lib/couchbase/logs/query.log",
                            [{rotation,
                              [{compress,true},
                               {size,41943040},
                               {num_files,10},
                               {buffer_size_max,52428800}]}]]},
                          1000]}},
                       {restart_type,permanent},
                       {shutdown,5000},
                       {child_type,worker}]

[ns_server:debug,2020-02-11T19:29:05.913Z,babysitter_of_ns_1@127.0.0.1:<0.152.0>:restartable:start_child:98]Started child process <0.153.0>
  MFA: {supervisor_cushion,start_link,
                           [query,5000,infinity,ns_port_server,start_link,
                            [#Fun<ns_child_ports_sup.4.5182122>]]}
[error_logger:info,2020-02-11T19:29:05.913Z,babysitter_of_ns_1@127.0.0.1:error_logger<0.6.0>:ale_error_logger_handler:do_log:203]
=========================PROGRESS REPORT=========================
          supervisor: {local,ns_child_ports_sup}
             started: [{pid,<0.152.0>},
                       {name,
                           {query,"/opt/couchbase/bin/cbq-engine",
                               ["--datastore=http://127.0.0.1:8091",
                                "--http=:8093",
                                "--configstore=http://127.0.0.1:8091",
                                "--enterprise=false","--ipv6=false"],
                               [via_goport,exit_status,stderr_to_stdout,
                                {env,
                                    [{"GOTRACEBACK","single"},
                                     {"CBAUTH_REVRPC_URL",
                                      <<203,223,20,63,49,56,149,240,96,89,114,
                                        71,154,126,127,148,232,95,168,85,4,
                                        229,161,158,42,76,156,158,148,93,55,50>>},
                                     {"CBAUTH_TLS_CONFIG",
                                      "{\"minTLSVersion\":\"tlsv1\",\"ciphersStrength\":[\"high\"]}"}]},
                                {log,"query.log"}]}},
                       {mfargs,
                           {restartable,start_link,
                               [{supervisor_cushion,start_link,
                                    [query,5000,infinity,ns_port_server,
                                     start_link,
                                     [#Fun<ns_child_ports_sup.4.5182122>]]},
                                86400000]}},
                       {restart_type,permanent},
                       {shutdown,infinity},
                       {child_type,worker}]

[ns_server:info,2020-02-11T19:29:05.913Z,babysitter_of_ns_1@127.0.0.1:ns_ports_manager<0.73.0>:ns_child_ports_sup:launch_port:96]supervising port: {fts,"/opt/couchbase/bin/cbft",
                       ["-cfg=metakv",
                        [45,117,117,105,100,61|
                         <<"02d284877f9d875208be55443a1c9576">>],
                        "-server=http://127.0.0.1:8091",
                        [45,98,105,110,100,72,116,116,112,61,"127.0.0.1",58,
                         "8094",44,"0.0.0.0",58,"8094"],
                        "-dataDir=/opt/couchbase/var/lib/couchbase/data/@fts",
                        "-tags=feed,janitor,pindex,queryer,cbauth_service",
                        "-auth=cbauth",
                        [45,101,120,116,114,97,61,"127.0.0.1",58,"8091"],
                        "-options=startCheckServer=skip,slowQueryLogTimeout=5s,defaultMaxPartitionsPerPIndex=171,bleveMaxResultWindow=10000,failoverAssignAllPrimaries=false,hideUI=true,cbaudit=false,ipv6=false,ftsMemoryQuota=524288000,maxReplicasAllowed=0,bucketTypesAllowed=membase,http2=false,vbuckets=1024"],
                       [via_goport,exit_status,stderr_to_stdout,
                        {log,"fts.log"},
                        {env,[{"GOTRACEBACK","single"},
                              {"CBAUTH_REVRPC_URL",
                               <<7,34,136,214,217,223,107,229,147,22,171,105,
                                 19,228,77,246,14,116,238,77,223,251,172,86,
                                 111,156,20,100,2,71,24,143>>},
                              {"CBAUTH_TLS_CONFIG",
                               "{\"minTLSVersion\":\"tlsv1\",\"ciphersStrength\":[\"high\"]}"}]}]}
[ns_server:debug,2020-02-11T19:29:05.914Z,babysitter_of_ns_1@127.0.0.1:<0.162.0>:supervisor_cushion:init:39]starting ns_port_server with delay of 5000
[error_logger:info,2020-02-11T19:29:05.916Z,babysitter_of_ns_1@127.0.0.1:error_logger<0.6.0>:ale_error_logger_handler:do_log:203]
=========================PROGRESS REPORT=========================
          supervisor: {local,ale_dynamic_sup}
             started: [{pid,<0.164.0>},
                       {name,'sink-fts'},
                       {mfargs,
                        {ale_dynamic_sup,delay_death,
                         [{ale_disk_sink,start_link,
                           ['sink-fts',
                            "/opt/couchbase/var/lib/couchbase/logs/fts.log",
                            [{rotation,
                              [{compress,true},
                               {size,41943040},
                               {num_files,10},
                               {buffer_size_max,52428800}]}]]},
                          1000]}},
                       {restart_type,permanent},
                       {shutdown,5000},
                       {child_type,worker}]

[ns_server:debug,2020-02-11T19:29:06.024Z,babysitter_of_ns_1@127.0.0.1:<0.161.0>:restartable:start_child:98]Started child process <0.162.0>
  MFA: {supervisor_cushion,start_link,
                           [fts,5000,infinity,ns_port_server,start_link,
                            [#Fun<ns_child_ports_sup.4.5182122>]]}
[error_logger:info,2020-02-11T19:29:06.024Z,babysitter_of_ns_1@127.0.0.1:error_logger<0.6.0>:ale_error_logger_handler:do_log:203]
=========================PROGRESS REPORT=========================
          supervisor: {local,ns_child_ports_sup}
             started: [{pid,<0.161.0>},
                       {name,
                           {fts,"/opt/couchbase/bin/cbft",
                               ["-cfg=metakv",
                                [45,117,117,105,100,61|
                                 <<"02d284877f9d875208be55443a1c9576">>],
                                "-server=http://127.0.0.1:8091",
                                [45,98,105,110,100,72,116,116,112,61,
                                 "127.0.0.1",58,"8094",44,"0.0.0.0",58,"8094"],
                                "-dataDir=/opt/couchbase/var/lib/couchbase/data/@fts",
                                "-tags=feed,janitor,pindex,queryer,cbauth_service",
                                "-auth=cbauth",
                                [45,101,120,116,114,97,61,"127.0.0.1",58,
                                 "8091"],
                                "-options=startCheckServer=skip,slowQueryLogTimeout=5s,defaultMaxPartitionsPerPIndex=171,bleveMaxResultWindow=10000,failoverAssignAllPrimaries=false,hideUI=true,cbaudit=false,ipv6=false,ftsMemoryQuota=524288000,maxReplicasAllowed=0,bucketTypesAllowed=membase,http2=false,vbuckets=1024"],
                               [via_goport,exit_status,stderr_to_stdout,
                                {log,"fts.log"},
                                {env,
                                    [{"GOTRACEBACK","single"},
                                     {"CBAUTH_REVRPC_URL",
                                      <<7,34,136,214,217,223,107,229,147,22,
                                        171,105,19,228,77,246,14,116,238,77,
                                        223,251,172,86,111,156,20,100,2,71,24,
                                        143>>},
                                     {"CBAUTH_TLS_CONFIG",
                                      "{\"minTLSVersion\":\"tlsv1\",\"ciphersStrength\":[\"high\"]}"}]}]}},
                       {mfargs,
                           {restartable,start_link,
                               [{supervisor_cushion,start_link,
                                    [fts,5000,infinity,ns_port_server,
                                     start_link,
                                     [#Fun<ns_child_ports_sup.4.5182122>]]},
                                86400000]}},
                       {restart_type,permanent},
                       {shutdown,infinity},
                       {child_type,worker}]

[ns_server:info,2020-02-11T19:43:27.090Z,babysitter_of_ns_1@127.0.0.1:<0.78.0>:ns_port_server:log:223]memcached<0.78.0>: 2020-02-11T19:43:26.787145+00:00 WARNING (Products) Slow runtime for 'Adjusting hash table sizes.' on thread nonIO_worker_0: 17 ms

[ns_server:info,2020-02-11T19:43:50.305Z,babysitter_of_ns_1@127.0.0.1:<0.78.0>:ns_port_server:log:223]memcached<0.78.0>: 2020-02-11T19:43:49.977773+00:00 WARNING (ShoppingCart) Slow runtime for 'Checkpoint Remover on vb 653' on thread nonIO_worker_2: 18 ms

[ns_server:info,2020-02-11T19:43:58.314Z,babysitter_of_ns_1@127.0.0.1:<0.78.0>:ns_port_server:log:223]memcached<0.78.0>: 2020-02-11T19:43:57.976145+00:00 WARNING (Recommendations) Slow runtime for 'Adjusting hash table sizes.' on thread nonIO_worker_2: 13 ms

[ns_server:info,2020-02-11T19:46:37.423Z,babysitter_of_ns_1@127.0.0.1:<0.78.0>:ns_port_server:log:223]memcached<0.78.0>: 2020-02-11T19:46:37.065122+00:00 WARNING (Recommendations) Slow runtime for 'Adjusting hash table sizes.' on thread nonIO_worker_0: 12 ms

[ns_server:info,2020-02-11T20:22:09.553Z,babysitter_of_ns_1@127.0.0.1:<0.56.0>:ns_babysitter:init_logging:115]Brought up babysitter logging
[ns_server:info,2020-02-11T20:22:09.556Z,babysitter_of_ns_1@127.0.0.1:<0.56.0>:ns_babysitter:log_pending:80]Static config terms:
[{error_logger_mf_dir,"/opt/couchbase/var/lib/couchbase/logs"},
 {path_config_bindir,"/opt/couchbase/bin"},
 {path_config_etcdir,"/opt/couchbase/etc/couchbase"},
 {path_config_libdir,"/opt/couchbase/lib"},
 {path_config_datadir,"/opt/couchbase/var/lib/couchbase"},
 {path_config_tmpdir,"/opt/couchbase/var/lib/couchbase/tmp"},
 {path_config_secdir,"/opt/couchbase/etc/security"},
 {nodefile,"/opt/couchbase/var/lib/couchbase/couchbase-server.node"},
 {loglevel_default,debug},
 {loglevel_couchdb,info},
 {loglevel_ns_server,debug},
 {loglevel_error_logger,debug},
 {loglevel_user,debug},
 {loglevel_menelaus,debug},
 {loglevel_ns_doctor,debug},
 {loglevel_stats,debug},
 {loglevel_rebalance,debug},
 {loglevel_cluster,debug},
 {loglevel_views,debug},
 {loglevel_mapreduce_errors,debug},
 {loglevel_xdcr,debug},
 {loglevel_access,info},
 {disk_sink_opts,[{rotation,[{compress,true},
                             {size,41943040},
                             {num_files,10},
                             {buffer_size_max,52428800}]}]},
 {disk_sink_opts_json_rpc,[{rotation,[{compress,true},
                                      {size,41943040},
                                      {num_files,2},
                                      {buffer_size_max,52428800}]}]},
 {net_kernel_verbosity,10},
 {ipv6,false}]
[ns_server:debug,2020-02-11T20:22:09.558Z,babysitter_of_ns_1@127.0.0.1:<0.56.0>:dist_manager:configure_net_kernel:259]Set net_kernel vebosity to 10 -> 0
[ns_server:info,2020-02-11T20:22:09.568Z,babysitter_of_ns_1@127.0.0.1:<0.56.0>:ns_babysitter:start:54]babysitter cookie: '1f195cf7f8d54ba82239759bd665c62db4c757fe66b5701acb5480fbfc41dac4'

[ns_server:info,2020-02-11T20:22:09.621Z,babysitter_of_ns_1@127.0.0.1:<0.56.0>:ns_babysitter:maybe_write_file:70]Saved babysitter cookie to /opt/couchbase/var/lib/couchbase/couchbase-server.babysitter.cookie
[ns_server:info,2020-02-11T20:22:09.624Z,babysitter_of_ns_1@127.0.0.1:<0.56.0>:ns_babysitter:maybe_write_file:70]Saved babysitter node name to /opt/couchbase/var/lib/couchbase/couchbase-server.babysitter.node
[ns_server:info,2020-02-11T20:22:09.630Z,babysitter_of_ns_1@127.0.0.1:ns_crash_log<0.67.0>:ns_crash_log:init:57]crash_log path: /opt/couchbase/var/lib/couchbase/logs/crash_log_v2.bin
[ns_server:warn,2020-02-11T20:22:09.630Z,babysitter_of_ns_1@127.0.0.1:ns_crash_log<0.67.0>:ns_crash_log:read_crash_log:148]Couldn't load crash_log from /opt/couchbase/var/lib/couchbase/logs/crash_log_v2.bin (perhaps it's first startup): {error,
                                                                                                                   enoent}
[error_logger:info,2020-02-11T20:22:09.630Z,babysitter_of_ns_1@127.0.0.1:error_logger<0.6.0>:ale_error_logger_handler:do_log:203]
=========================PROGRESS REPORT=========================
          supervisor: {local,ns_babysitter_sup}
             started: [{pid,<0.67.0>},
                       {name,ns_crash_log},
                       {mfargs,{ns_crash_log,start_link,[]}},
                       {restart_type,permanent},
                       {shutdown,1000},
                       {child_type,worker}]

[ns_server:debug,2020-02-11T20:22:09.656Z,babysitter_of_ns_1@127.0.0.1:<0.70.0>:supervisor_cushion:init:39]starting ns_port_server with delay of 5000
[ns_server:debug,2020-02-11T20:22:09.658Z,babysitter_of_ns_1@127.0.0.1:<0.69.0>:restartable:start_child:98]Started child process <0.70.0>
  MFA: {supervisor_cushion,start_link,
                           [ns_server,5000,infinity,ns_port_server,start_link,
                            [#Fun<ns_child_ports_sup.4.5182122>]]}
[error_logger:info,2020-02-11T20:22:09.658Z,babysitter_of_ns_1@127.0.0.1:error_logger<0.6.0>:ale_error_logger_handler:do_log:203]
=========================PROGRESS REPORT=========================
          supervisor: {local,child_ns_server_sup}
             started: [{pid,<0.69.0>},
                       {name,
                           {ns_server,"/opt/couchbase/lib/erlang/bin/erl",
                               ["+A","16","-smp","enable","+sbt","u","+P",
                                "327680","+K","true","+swt","low","+MMmcs",
                                "30","+e102400","-setcookie","nocookie",
                                "-kernel","inet_dist_listen_min","21100",
                                "inet_dist_listen_max","21299","error_logger",
                                "false","-sasl","sasl_error_logger","false",
                                "-user","user_io","-run","child_erlang",
                                "child_start","ns_bootstrap","--","-smp",
                                "enable","-proto_dist","inet_tcp",
                                "-couch_ini",
                                "/opt/couchbase/etc/couchdb/default.ini",
                                "/opt/couchbase/etc/couchdb/default.d/capi.ini",
                                "/opt/couchbase/etc/couchdb/default.d/geocouch.ini",
                                "/opt/couchbase/etc/couchdb/local.ini"],
                               [{env,
                                    [{"NS_SERVER_BABYSITTER_COOKIE",
                                      "1f195cf7f8d54ba82239759bd665c62db4c757fe66b5701acb5480fbfc41dac4"},
                                     {"NS_SERVER_BABYSITTER_PID","41"},
                                     {"CHILD_ERLANG_ENV_ARGS",
                                      "[{sasl,\n     [{errlog_type,all},{included_applications,[]},{sasl_error_logger,false}]},\n {kernel,\n     [{inet_dist_listen_min,21100},\n      {inet_dist_listen_max,21299},\n      {included_applications,[]},\n      {error_logger,false},\n      {global_enable_tracing,false}]},\n {ns_babysitter,\n     [{nodefile,\n          \"/opt/couchbase/var/lib/couchbase/couchbase-server.babysitter.node\"},\n      {included_applications,[]},\n      {pidfile,\"/opt/couchbase/var/lib/couchbase/couchbase-server.pid\"},\n      {cookiefile,\n          \"/opt/couchbase/var/lib/couchbase/couchbase-server.babysitter.cookie\"}]},\n {ns_server,\n     [{max_t,10},\n      {included_applications,[]},\n      {loglevel_cluster,debug},\n      {path_config_libdir,\"/opt/couchbase/lib\"},\n      {path_config_tmpdir,\"/opt/couchbase/var/lib/couchbase/tmp\"},\n      {loglevel_ns_server,debug},\n      {loglevel_access,info},\n      {loglevel_error_logger,debug},\n      {loglevel_xdcr,debug},\n      {path_config_secdir,\"/opt/couchbase/etc/security\"},\n      {loglevel_mapreduce_errors,debug},\n      {loglevel_ns_doctor,debug},\n      {loglevel_default,debug},\n      {ipv6,false},\n      {loglevel_stats,debug},\n      {config_path,\"/opt/couchbase/etc/couchbase/static_config\"},\n      {loglevel_user,debug},\n      {error_logger_mf_dir,\"/opt/couchbase/var/lib/couchbase/logs\"},\n      {disk_sink_opts_json_rpc,\n          [{rotation,\n               [{compress,true},\n                {size,41943040},\n                {num_files,2},\n                {buffer_size_max,52428800}]}]},\n      {path_config_etcdir,\"/opt/couchbase/etc/couchbase\"},\n      {nodefile,\"/opt/couchbase/var/lib/couchbase/couchbase-server.node\"},\n      {path_config_bindir,\"/opt/couchbase/bin\"},\n      {net_kernel_verbosity,10},\n      {max_r,20},\n      {loglevel_rebalance,debug},\n      {loglevel_menelaus,debug},\n      {disk_sink_opts,\n          [{rotation,\n               [{compress,true},\n                {size,41943040},\n                {num_files,10},\n                {buffer_size_max,52428800}]}]},\n      {loglevel_views,debug},\n      {path_config_datadir,\"/opt/couchbase/var/lib/couchbase\"},\n      {loglevel_couchdb,info}]}]"},
                                     {"ERL_CRASH_DUMP",
                                      "erl_crash.dump.1581452524.41.ns_server"}]},
                                exit_status,use_stdio,stream,eof]}},
                       {mfargs,
                           {restartable,start_link,
                               [{supervisor_cushion,start_link,
                                    [ns_server,5000,infinity,ns_port_server,
                                     start_link,
                                     [#Fun<ns_child_ports_sup.4.5182122>]]},
                                86400000]}},
                       {restart_type,permanent},
                       {shutdown,infinity},
                       {child_type,worker}]

[error_logger:info,2020-02-11T20:22:09.659Z,babysitter_of_ns_1@127.0.0.1:error_logger<0.6.0>:ale_error_logger_handler:do_log:203]
=========================PROGRESS REPORT=========================
          supervisor: {local,ns_babysitter_sup}
             started: [{pid,<0.68.0>},
                       {name,child_ns_server_sup},
                       {mfargs,{child_ns_server_sup,start_link,[]}},
                       {restart_type,permanent},
                       {shutdown,infinity},
                       {child_type,supervisor}]

[error_logger:info,2020-02-11T20:22:09.659Z,babysitter_of_ns_1@127.0.0.1:error_logger<0.6.0>:ale_error_logger_handler:do_log:203]
=========================PROGRESS REPORT=========================
          supervisor: {local,ns_babysitter_sup}
             started: [{pid,<0.72.0>},
                       {name,ns_child_ports_sup},
                       {mfargs,{ns_child_ports_sup,start_link,[]}},
                       {restart_type,permanent},
                       {shutdown,infinity},
                       {child_type,supervisor}]

[ns_server:info,2020-02-11T20:22:09.661Z,babysitter_of_ns_1@127.0.0.1:<0.2.0>:ns_babysitter_bootstrap:start:27]41: babysitter has started
[error_logger:info,2020-02-11T20:22:09.661Z,babysitter_of_ns_1@127.0.0.1:error_logger<0.6.0>:ale_error_logger_handler:do_log:203]
=========================PROGRESS REPORT=========================
          supervisor: {local,ns_babysitter_sup}
             started: [{pid,<0.73.0>},
                       {name,ns_ports_manager},
                       {mfargs,{ns_ports_manager,start_link,[]}},
                       {restart_type,permanent},
                       {shutdown,1000},
                       {child_type,worker}]

[error_logger:info,2020-02-11T20:22:09.661Z,babysitter_of_ns_1@127.0.0.1:error_logger<0.6.0>:ale_error_logger_handler:do_log:203]
=========================PROGRESS REPORT=========================
         application: ns_babysitter
          started_at: 'babysitter_of_ns_1@127.0.0.1'

[ns_server:debug,2020-02-11T20:22:16.976Z,babysitter_of_ns_1@127.0.0.1:ns_ports_manager<0.73.0>:ns_ports_manager:handle_call:88]New list of children is received: [memcached,projector,indexer,query,
                                   saslauthd_port,goxdcr,fts]
[ns_server:info,2020-02-11T20:22:16.989Z,babysitter_of_ns_1@127.0.0.1:ns_ports_manager<0.73.0>:ns_child_ports_sup:launch_port:96]supervising port: {memcached,"/opt/couchbase/bin/memcached",
                             ["-C",
                              "/opt/couchbase/var/lib/couchbase/config/memcached.json"],
                             [{env,[{"EVENT_NOSELECT","1"},
                                    {"MEMCACHED_TOP_KEYS","5"},
                                    {"CBSASL_PWFILE",
                                     "/opt/couchbase/var/lib/couchbase/isasl.pw"}]},
                              use_stdio,stderr_to_stdout,exit_status,
                              port_server_dont_start,stream]}
[ns_server:debug,2020-02-11T20:22:16.990Z,babysitter_of_ns_1@127.0.0.1:<0.77.0>:supervisor_cushion:init:39]starting ns_port_server with delay of 5000
[ns_server:debug,2020-02-11T20:22:16.990Z,babysitter_of_ns_1@127.0.0.1:<0.76.0>:restartable:start_child:98]Started child process <0.77.0>
  MFA: {supervisor_cushion,start_link,
                           [memcached,5000,infinity,ns_port_server,start_link,
                            [#Fun<ns_child_ports_sup.4.5182122>]]}
[error_logger:info,2020-02-11T20:22:16.990Z,babysitter_of_ns_1@127.0.0.1:error_logger<0.6.0>:ale_error_logger_handler:do_log:203]
=========================PROGRESS REPORT=========================
          supervisor: {local,ns_child_ports_sup}
             started: [{pid,<0.76.0>},
                       {name,
                           {memcached,"/opt/couchbase/bin/memcached",
                               ["-C",
                                "/opt/couchbase/var/lib/couchbase/config/memcached.json"],
                               [{env,
                                    [{"EVENT_NOSELECT","1"},
                                     {"MEMCACHED_TOP_KEYS","5"},
                                     {"CBSASL_PWFILE",
                                      "/opt/couchbase/var/lib/couchbase/isasl.pw"}]},
                                use_stdio,stderr_to_stdout,exit_status,
                                port_server_dont_start,stream]}},
                       {mfargs,
                           {restartable,start_link,
                               [{supervisor_cushion,start_link,
                                    [memcached,5000,infinity,ns_port_server,
                                     start_link,
                                     [#Fun<ns_child_ports_sup.4.5182122>]]},
                                86400000]}},
                       {restart_type,permanent},
                       {shutdown,infinity},
                       {child_type,worker}]

[ns_server:info,2020-02-11T20:22:16.991Z,babysitter_of_ns_1@127.0.0.1:ns_ports_manager<0.73.0>:ns_child_ports_sup:launch_port:96]supervising port: {projector,"/opt/couchbase/bin/projector",
                             ["-kvaddrs=127.0.0.1:11210","-adminport=:9999",
                              "-diagDir=/opt/couchbase/var/lib/couchbase/crash",
                              "-ipv6=false","127.0.0.1:8091"],
                             [via_goport,exit_status,stderr_to_stdout,
                              {log,"projector.log"},
                              {env,[{"GOTRACEBACK","single"},
                                    {"CBAUTH_REVRPC_URL",
                                     <<83,146,219,185,80,182,141,116,133,
                                       162,52,0,221,108,21,233,115,146,
                                       200,28,42,102,93,147,222,104,20,89,
                                       82,17,112,19>>}]}]}
[ns_server:debug,2020-02-11T20:22:16.991Z,babysitter_of_ns_1@127.0.0.1:<0.80.0>:supervisor_cushion:init:39]starting ns_port_server with delay of 5000
[error_logger:info,2020-02-11T20:22:16.996Z,babysitter_of_ns_1@127.0.0.1:error_logger<0.6.0>:ale_error_logger_handler:do_log:203]
=========================PROGRESS REPORT=========================
          supervisor: {local,ale_dynamic_sup}
             started: [{pid,<0.82.0>},
                       {name,'sink-projector'},
                       {mfargs,
                        {ale_dynamic_sup,delay_death,
                         [{ale_disk_sink,start_link,
                           ['sink-projector',
                            "/opt/couchbase/var/lib/couchbase/logs/projector.log",
                            [{rotation,
                              [{compress,true},
                               {size,41943040},
                               {num_files,10},
                               {buffer_size_max,52428800}]}]]},
                          1000]}},
                       {restart_type,permanent},
                       {shutdown,5000},
                       {child_type,worker}]

[ns_server:debug,2020-02-11T20:22:17.139Z,babysitter_of_ns_1@127.0.0.1:<0.79.0>:restartable:start_child:98]Started child process <0.80.0>
  MFA: {supervisor_cushion,start_link,
                           [projector,5000,infinity,ns_port_server,start_link,
                            [#Fun<ns_child_ports_sup.4.5182122>]]}
[ns_server:info,2020-02-11T20:22:17.139Z,babysitter_of_ns_1@127.0.0.1:ns_ports_manager<0.73.0>:ns_child_ports_sup:launch_port:96]supervising port: {indexer,"/opt/couchbase/bin/indexer",
                           ["-vbuckets=1024","-cluster=127.0.0.1:8091",
                            "-adminPort=9100","-scanPort=9101",
                            "-httpPort=9102","-streamInitPort=9103",
                            "-streamCatchupPort=9104","-streamMaintPort=9105",
                            "-storageDir=/opt/couchbase/var/lib/couchbase/data/@2i",
                            "-diagDir=/opt/couchbase/var/lib/couchbase/crash",
                            "-nodeUUID=02d284877f9d875208be55443a1c9576",
                            "-ipv6=false","-isEnterprise=false"],
                           [via_goport,exit_status,stderr_to_stdout,
                            {log,"indexer.log"},
                            {env,[{"GOTRACEBACK","single"},
                                  {"CBAUTH_REVRPC_URL",
                                   <<89,171,108,135,213,172,118,152,226,
                                     225,165,5,7,92,234,138,205,191,27,36,
                                     8,89,13,104,179,84,223,210,163,239,
                                     76,52>>}]}]}
[error_logger:info,2020-02-11T20:22:17.139Z,babysitter_of_ns_1@127.0.0.1:error_logger<0.6.0>:ale_error_logger_handler:do_log:203]
=========================PROGRESS REPORT=========================
          supervisor: {local,ns_child_ports_sup}
             started: [{pid,<0.79.0>},
                       {name,
                           {projector,"/opt/couchbase/bin/projector",
                               ["-kvaddrs=127.0.0.1:11210","-adminport=:9999",
                                "-diagDir=/opt/couchbase/var/lib/couchbase/crash",
                                "-ipv6=false","127.0.0.1:8091"],
                               [via_goport,exit_status,stderr_to_stdout,
                                {log,"projector.log"},
                                {env,
                                    [{"GOTRACEBACK","single"},
                                     {"CBAUTH_REVRPC_URL",
                                      <<83,146,219,185,80,182,141,116,
                                        133,162,52,0,221,108,21,233,115,
                                        146,200,28,42,102,93,147,222,104,
                                        20,89,82,17,112,19>>}]}]}},
                       {mfargs,
                           {restartable,start_link,
                               [{supervisor_cushion,start_link,
                                    [projector,5000,infinity,ns_port_server,
                                     start_link,
                                     [#Fun<ns_child_ports_sup.4.5182122>]]},
                                86400000]}},
                       {restart_type,permanent},
                       {shutdown,infinity},
                       {child_type,worker}]

[ns_server:debug,2020-02-11T20:22:17.140Z,babysitter_of_ns_1@127.0.0.1:<0.90.0>:supervisor_cushion:init:39]starting ns_port_server with delay of 5000
[error_logger:info,2020-02-11T20:22:17.145Z,babysitter_of_ns_1@127.0.0.1:error_logger<0.6.0>:ale_error_logger_handler:do_log:203]
=========================PROGRESS REPORT=========================
          supervisor: {local,ale_dynamic_sup}
             started: [{pid,<0.92.0>},
                       {name,'sink-indexer'},
                       {mfargs,
                        {ale_dynamic_sup,delay_death,
                         [{ale_disk_sink,start_link,
                           ['sink-indexer',
                            "/opt/couchbase/var/lib/couchbase/logs/indexer.log",
                            [{rotation,
                              [{compress,true},
                               {size,41943040},
                               {num_files,10},
                               {buffer_size_max,52428800}]}]]},
                          1000]}},
                       {restart_type,permanent},
                       {shutdown,5000},
                       {child_type,worker}]

[ns_server:debug,2020-02-11T20:22:17.306Z,babysitter_of_ns_1@127.0.0.1:<0.89.0>:restartable:start_child:98]Started child process <0.90.0>
  MFA: {supervisor_cushion,start_link,
                           [indexer,5000,infinity,ns_port_server,start_link,
                            [#Fun<ns_child_ports_sup.4.5182122>]]}
[ns_server:info,2020-02-11T20:22:17.306Z,babysitter_of_ns_1@127.0.0.1:ns_ports_manager<0.73.0>:ns_child_ports_sup:launch_port:96]supervising port: {query,"/opt/couchbase/bin/cbq-engine",
                         ["--datastore=http://127.0.0.1:8091","--http=:8093",
                          "--configstore=http://127.0.0.1:8091",
                          "--enterprise=false","--ipv6=false"],
                         [via_goport,exit_status,stderr_to_stdout,
                          {env,[{"GOTRACEBACK","single"},
                                {"CBAUTH_REVRPC_URL",
                                 <<203,223,20,63,49,56,149,240,96,89,114,71,
                                   154,126,127,148,232,95,168,85,4,229,161,
                                   158,42,76,156,158,148,93,55,50>>},
                                {"CBAUTH_TLS_CONFIG",
                                 "{\"minTLSVersion\":\"tlsv1\",\"ciphersStrength\":[\"high\"]}"}]},
                          {log,"query.log"}]}
[error_logger:info,2020-02-11T20:22:17.306Z,babysitter_of_ns_1@127.0.0.1:error_logger<0.6.0>:ale_error_logger_handler:do_log:203]
=========================PROGRESS REPORT=========================
          supervisor: {local,ns_child_ports_sup}
             started: [{pid,<0.89.0>},
                       {name,
                           {indexer,"/opt/couchbase/bin/indexer",
                               ["-vbuckets=1024","-cluster=127.0.0.1:8091",
                                "-adminPort=9100","-scanPort=9101",
                                "-httpPort=9102","-streamInitPort=9103",
                                "-streamCatchupPort=9104",
                                "-streamMaintPort=9105",
                                "-storageDir=/opt/couchbase/var/lib/couchbase/data/@2i",
                                "-diagDir=/opt/couchbase/var/lib/couchbase/crash",
                                "-nodeUUID=02d284877f9d875208be55443a1c9576",
                                "-ipv6=false","-isEnterprise=false"],
                               [via_goport,exit_status,stderr_to_stdout,
                                {log,"indexer.log"},
                                {env,
                                    [{"GOTRACEBACK","single"},
                                     {"CBAUTH_REVRPC_URL",
                                      <<89,171,108,135,213,172,118,152,
                                        226,225,165,5,7,92,234,138,205,
                                        191,27,36,8,89,13,104,179,84,223,
                                        210,163,239,76,52>>}]}]}},
                       {mfargs,
                           {restartable,start_link,
                               [{supervisor_cushion,start_link,
                                    [indexer,5000,infinity,ns_port_server,
                                     start_link,
                                     [#Fun<ns_child_ports_sup.4.5182122>]]},
                                86400000]}},
                       {restart_type,permanent},
                       {shutdown,infinity},
                       {child_type,worker}]

[ns_server:debug,2020-02-11T20:22:17.307Z,babysitter_of_ns_1@127.0.0.1:<0.99.0>:supervisor_cushion:init:39]starting ns_port_server with delay of 5000
[error_logger:info,2020-02-11T20:22:17.338Z,babysitter_of_ns_1@127.0.0.1:error_logger<0.6.0>:ale_error_logger_handler:do_log:203]
=========================PROGRESS REPORT=========================
          supervisor: {local,ale_dynamic_sup}
             started: [{pid,<0.101.0>},
                       {name,'sink-query'},
                       {mfargs,
                        {ale_dynamic_sup,delay_death,
                         [{ale_disk_sink,start_link,
                           ['sink-query',
                            "/opt/couchbase/var/lib/couchbase/logs/query.log",
                            [{rotation,
                              [{compress,true},
                               {size,41943040},
                               {num_files,10},
                               {buffer_size_max,52428800}]}]]},
                          1000]}},
                       {restart_type,permanent},
                       {shutdown,5000},
                       {child_type,worker}]

[error_logger:info,2020-02-11T20:22:17.429Z,babysitter_of_ns_1@127.0.0.1:error_logger<0.6.0>:ale_error_logger_handler:do_log:203]
=========================PROGRESS REPORT=========================
          supervisor: {local,kernel_safe_sup}
             started: [{pid,<0.106.0>},
                       {name,timer2_server},
                       {mfargs,{timer2,start_link,[]}},
                       {restart_type,permanent},
                       {shutdown,1000},
                       {child_type,worker}]

[ns_server:debug,2020-02-11T20:22:17.578Z,babysitter_of_ns_1@127.0.0.1:<0.98.0>:restartable:start_child:98]Started child process <0.99.0>
  MFA: {supervisor_cushion,start_link,
                           [query,5000,infinity,ns_port_server,start_link,
                            [#Fun<ns_child_ports_sup.4.5182122>]]}
[ns_server:info,2020-02-11T20:22:17.578Z,babysitter_of_ns_1@127.0.0.1:ns_ports_manager<0.73.0>:ns_child_ports_sup:launch_port:96]supervising port: {saslauthd_port,"/opt/couchbase/bin/saslauthd-port",[],
                      [use_stdio,exit_status,stderr_to_stdout,
                       {env,
                           [{"GOTRACEBACK","single"},
                            {"CBAUTH_REVRPC_URL",
                             <<183,12,182,67,178,171,23,252,127,27,121,
                               132,251,90,52,19,12,65,118,162,215,56,227,
                               62,248,237,186,121,13,179,161,32>>}]}]}
[ns_server:debug,2020-02-11T20:22:17.578Z,babysitter_of_ns_1@127.0.0.1:<0.109.0>:supervisor_cushion:init:39]starting ns_port_server with delay of 5000
[error_logger:info,2020-02-11T20:22:17.578Z,babysitter_of_ns_1@127.0.0.1:error_logger<0.6.0>:ale_error_logger_handler:do_log:203]
=========================PROGRESS REPORT=========================
          supervisor: {local,ns_child_ports_sup}
             started: [{pid,<0.98.0>},
                       {name,
                           {query,"/opt/couchbase/bin/cbq-engine",
                               ["--datastore=http://127.0.0.1:8091",
                                "--http=:8093",
                                "--configstore=http://127.0.0.1:8091",
                                "--enterprise=false","--ipv6=false"],
                               [via_goport,exit_status,stderr_to_stdout,
                                {env,
                                    [{"GOTRACEBACK","single"},
                                     {"CBAUTH_REVRPC_URL",
                                      <<203,223,20,63,49,56,149,240,96,89,114,
                                        71,154,126,127,148,232,95,168,85,4,
                                        229,161,158,42,76,156,158,148,93,55,50>>},
                                     {"CBAUTH_TLS_CONFIG",
                                      "{\"minTLSVersion\":\"tlsv1\",\"ciphersStrength\":[\"high\"]}"}]},
                                {log,"query.log"}]}},
                       {mfargs,
                           {restartable,start_link,
                               [{supervisor_cushion,start_link,
                                    [query,5000,infinity,ns_port_server,
                                     start_link,
                                     [#Fun<ns_child_ports_sup.4.5182122>]]},
                                86400000]}},
                       {restart_type,permanent},
                       {shutdown,infinity},
                       {child_type,worker}]

[ns_server:debug,2020-02-11T20:22:17.591Z,babysitter_of_ns_1@127.0.0.1:<0.108.0>:restartable:start_child:98]Started child process <0.109.0>
  MFA: {supervisor_cushion,start_link,
                           [saslauthd_port,5000,infinity,ns_port_server,
                            start_link,
                            [#Fun<ns_child_ports_sup.4.5182122>]]}
[ns_server:info,2020-02-11T20:22:17.591Z,babysitter_of_ns_1@127.0.0.1:ns_ports_manager<0.73.0>:ns_child_ports_sup:launch_port:96]supervising port: {goxdcr,"/opt/couchbase/bin/goxdcr",
                          ["-sourceKVAdminPort=8091","-xdcrRestPort=9998",
                           "-isEnterprise=false","-ipv6=false"],
                          [via_goport,exit_status,stderr_to_stdout,
                           {log,"goxdcr.log"},
                           {env,[{"GOTRACEBACK","single"},
                                 {"CBAUTH_REVRPC_URL",
                                  <<251,47,216,78,227,197,123,42,83,36,
                                    169,250,146,202,89,146,167,15,130,99,
                                    200,191,181,25,193,118,197,216,199,
                                    166,99,66>>}]}]}
[ns_server:debug,2020-02-11T20:22:17.591Z,babysitter_of_ns_1@127.0.0.1:<0.112.0>:supervisor_cushion:init:39]starting ns_port_server with delay of 5000
[error_logger:info,2020-02-11T20:22:17.591Z,babysitter_of_ns_1@127.0.0.1:error_logger<0.6.0>:ale_error_logger_handler:do_log:203]
=========================PROGRESS REPORT=========================
          supervisor: {local,ns_child_ports_sup}
             started: [{pid,<0.108.0>},
                       {name,
                           {saslauthd_port,
                               "/opt/couchbase/bin/saslauthd-port",[],
                               [use_stdio,exit_status,stderr_to_stdout,
                                {env,
                                    [{"GOTRACEBACK","single"},
                                     {"CBAUTH_REVRPC_URL",
                                      <<183,12,182,67,178,171,23,252,127,
                                        27,121,132,251,90,52,19,12,65,
                                        118,162,215,56,227,62,248,237,
                                        186,121,13,179,161,32>>}]}]}},
                       {mfargs,
                           {restartable,start_link,
                               [{supervisor_cushion,start_link,
                                    [saslauthd_port,5000,infinity,
                                     ns_port_server,start_link,
                                     [#Fun<ns_child_ports_sup.4.5182122>]]},
                                86400000]}},
                       {restart_type,permanent},
                       {shutdown,infinity},
                       {child_type,worker}]

[error_logger:info,2020-02-11T20:22:17.595Z,babysitter_of_ns_1@127.0.0.1:error_logger<0.6.0>:ale_error_logger_handler:do_log:203]
=========================PROGRESS REPORT=========================
          supervisor: {local,ale_dynamic_sup}
             started: [{pid,<0.114.0>},
                       {name,'sink-goxdcr'},
                       {mfargs,
                        {ale_dynamic_sup,delay_death,
                         [{ale_disk_sink,start_link,
                           ['sink-goxdcr',
                            "/opt/couchbase/var/lib/couchbase/logs/goxdcr.log",
                            [{rotation,
                              [{compress,true},
                               {size,41943040},
                               {num_files,10},
                               {buffer_size_max,52428800}]}]]},
                          1000]}},
                       {restart_type,permanent},
                       {shutdown,5000},
                       {child_type,worker}]

[ns_server:info,2020-02-11T20:22:17.630Z,babysitter_of_ns_1@127.0.0.1:<0.71.0>:ns_port_server:log:223]ns_server<0.71.0>: working as port

[ns_server:debug,2020-02-11T20:22:17.861Z,babysitter_of_ns_1@127.0.0.1:<0.111.0>:restartable:start_child:98]Started child process <0.112.0>
  MFA: {supervisor_cushion,start_link,
                           [goxdcr,5000,infinity,ns_port_server,start_link,
                            [#Fun<ns_child_ports_sup.4.5182122>]]}
[error_logger:info,2020-02-11T20:22:17.861Z,babysitter_of_ns_1@127.0.0.1:error_logger<0.6.0>:ale_error_logger_handler:do_log:203]
=========================PROGRESS REPORT=========================
          supervisor: {local,ns_child_ports_sup}
             started: [{pid,<0.111.0>},
                       {name,
                           {goxdcr,"/opt/couchbase/bin/goxdcr",
                               ["-sourceKVAdminPort=8091",
                                "-xdcrRestPort=9998","-isEnterprise=false",
                                "-ipv6=false"],
                               [via_goport,exit_status,stderr_to_stdout,
                                {log,"goxdcr.log"},
                                {env,
                                    [{"GOTRACEBACK","single"},
                                     {"CBAUTH_REVRPC_URL",
                                      <<251,47,216,78,227,197,123,42,83,
                                        36,169,250,146,202,89,146,167,15,
                                        130,99,200,191,181,25,193,118,
                                        197,216,199,166,99,66>>}]}]}},
                       {mfargs,
                           {restartable,start_link,
                               [{supervisor_cushion,start_link,
                                    [goxdcr,5000,infinity,ns_port_server,
                                     start_link,
                                     [#Fun<ns_child_ports_sup.4.5182122>]]},
                                86400000]}},
                       {restart_type,permanent},
                       {shutdown,infinity},
                       {child_type,worker}]

[ns_server:info,2020-02-11T20:22:17.861Z,babysitter_of_ns_1@127.0.0.1:ns_ports_manager<0.73.0>:ns_child_ports_sup:launch_port:96]supervising port: {fts,"/opt/couchbase/bin/cbft",
                       ["-cfg=metakv",
                        [45,117,117,105,100,61|
                         <<"02d284877f9d875208be55443a1c9576">>],
                        "-server=http://127.0.0.1:8091",
                        [45,98,105,110,100,72,116,116,112,61,"127.0.0.1",58,
                         "8094",44,"0.0.0.0",58,"8094"],
                        "-dataDir=/opt/couchbase/var/lib/couchbase/data/@fts",
                        "-tags=feed,janitor,pindex,queryer,cbauth_service",
                        "-auth=cbauth",
                        [45,101,120,116,114,97,61,"127.0.0.1",58,"8091"],
                        "-options=startCheckServer=skip,slowQueryLogTimeout=5s,defaultMaxPartitionsPerPIndex=171,bleveMaxResultWindow=10000,failoverAssignAllPrimaries=false,hideUI=true,cbaudit=false,ipv6=false,ftsMemoryQuota=524288000,maxReplicasAllowed=0,bucketTypesAllowed=membase,http2=false,vbuckets=1024"],
                       [via_goport,exit_status,stderr_to_stdout,
                        {log,"fts.log"},
                        {env,[{"GOTRACEBACK","single"},
                              {"CBAUTH_REVRPC_URL",
                               <<7,34,136,214,217,223,107,229,147,22,171,105,
                                 19,228,77,246,14,116,238,77,223,251,172,86,
                                 111,156,20,100,2,71,24,143>>},
                              {"CBAUTH_TLS_CONFIG",
                               "{\"minTLSVersion\":\"tlsv1\",\"ciphersStrength\":[\"high\"]}"}]}]}
[ns_server:debug,2020-02-11T20:22:17.862Z,babysitter_of_ns_1@127.0.0.1:<0.121.0>:supervisor_cushion:init:39]starting ns_port_server with delay of 5000
[error_logger:info,2020-02-11T20:22:17.865Z,babysitter_of_ns_1@127.0.0.1:error_logger<0.6.0>:ale_error_logger_handler:do_log:203]
=========================PROGRESS REPORT=========================
          supervisor: {local,ale_dynamic_sup}
             started: [{pid,<0.123.0>},
                       {name,'sink-fts'},
                       {mfargs,
                        {ale_dynamic_sup,delay_death,
                         [{ale_disk_sink,start_link,
                           ['sink-fts',
                            "/opt/couchbase/var/lib/couchbase/logs/fts.log",
                            [{rotation,
                              [{compress,true},
                               {size,41943040},
                               {num_files,10},
                               {buffer_size_max,52428800}]}]]},
                          1000]}},
                       {restart_type,permanent},
                       {shutdown,5000},
                       {child_type,worker}]

[ns_server:debug,2020-02-11T20:22:18.105Z,babysitter_of_ns_1@127.0.0.1:<0.120.0>:restartable:start_child:98]Started child process <0.121.0>
  MFA: {supervisor_cushion,start_link,
                           [fts,5000,infinity,ns_port_server,start_link,
                            [#Fun<ns_child_ports_sup.4.5182122>]]}
[error_logger:info,2020-02-11T20:22:18.105Z,babysitter_of_ns_1@127.0.0.1:error_logger<0.6.0>:ale_error_logger_handler:do_log:203]
=========================PROGRESS REPORT=========================
          supervisor: {local,ns_child_ports_sup}
             started: [{pid,<0.120.0>},
                       {name,
                           {fts,"/opt/couchbase/bin/cbft",
                               ["-cfg=metakv",
                                [45,117,117,105,100,61|
                                 <<"02d284877f9d875208be55443a1c9576">>],
                                "-server=http://127.0.0.1:8091",
                                [45,98,105,110,100,72,116,116,112,61,
                                 "127.0.0.1",58,"8094",44,"0.0.0.0",58,"8094"],
                                "-dataDir=/opt/couchbase/var/lib/couchbase/data/@fts",
                                "-tags=feed,janitor,pindex,queryer,cbauth_service",
                                "-auth=cbauth",
                                [45,101,120,116,114,97,61,"127.0.0.1",58,
                                 "8091"],
                                "-options=startCheckServer=skip,slowQueryLogTimeout=5s,defaultMaxPartitionsPerPIndex=171,bleveMaxResultWindow=10000,failoverAssignAllPrimaries=false,hideUI=true,cbaudit=false,ipv6=false,ftsMemoryQuota=524288000,maxReplicasAllowed=0,bucketTypesAllowed=membase,http2=false,vbuckets=1024"],
                               [via_goport,exit_status,stderr_to_stdout,
                                {log,"fts.log"},
                                {env,
                                    [{"GOTRACEBACK","single"},
                                     {"CBAUTH_REVRPC_URL",
                                      <<7,34,136,214,217,223,107,229,147,22,
                                        171,105,19,228,77,246,14,116,238,77,
                                        223,251,172,86,111,156,20,100,2,71,24,
                                        143>>},
                                     {"CBAUTH_TLS_CONFIG",
                                      "{\"minTLSVersion\":\"tlsv1\",\"ciphersStrength\":[\"high\"]}"}]}]}},
                       {mfargs,
                           {restartable,start_link,
                               [{supervisor_cushion,start_link,
                                    [fts,5000,infinity,ns_port_server,
                                     start_link,
                                     [#Fun<ns_child_ports_sup.4.5182122>]]},
                                86400000]}},
                       {restart_type,permanent},
                       {shutdown,infinity},
                       {child_type,worker}]

[ns_server:info,2020-02-11T20:22:18.731Z,babysitter_of_ns_1@127.0.0.1:<0.71.0>:ns_port_server:log:223]ns_server<0.71.0>: 152: Booted. Waiting for shutdown request

[ns_server:info,2020-02-11T20:22:19.325Z,babysitter_of_ns_1@127.0.0.1:<0.78.0>:ns_port_server:log:223]memcached<0.78.0>: set_mempolicy: Operation not permitted
memcached<0.78.0>: 2020-02-11T20:22:19.126692+00:00 INFO Setting SSL minimum protocol to: tlsv1
memcached<0.78.0>: 2020-02-11T20:22:19.127022+00:00 INFO Breakpad enabled. Minidumps will be written to '/opt/couchbase/var/lib/couchbase/crash'
memcached<0.78.0>: 2020-02-11T20:22:19.127081+00:00 INFO Setting SSL minimum protocol to: tlsv1
memcached<0.78.0>: 2020-02-11T20:22:19.128938+00:00 INFO Disabling Breakpad
memcached<0.78.0>: 2020-02-11T20:22:19.128967+00:00 INFO Breakpad enabled. Minidumps will be written to '/opt/couchbase/var/lib/couchbase/crash'

[ns_server:info,2020-02-11T20:22:20.800Z,babysitter_of_ns_1@127.0.0.1:<0.78.0>:ns_port_server:log:223]memcached<0.78.0>: 2020-02-11T20:22:20.554114+00:00 WARNING 68: Slow operation. {"cid":"127.0.0.1:54583/0","duration":"504 ms","trace":"request=56965143117317:504337","command":"CREATE_BUCKET","peer":"127.0.0.1:54583"}

[ns_server:info,2020-02-11T20:22:23.039Z,babysitter_of_ns_1@127.0.0.1:<0.78.0>:ns_port_server:log:223]memcached<0.78.0>: 2020-02-11T20:22:22.638358+00:00 WARNING (ShoppingCart) Slow runtime for 'Warmup - initialize' on thread reader_worker_0: 2749 ms
memcached<0.78.0>: 2020-02-11T20:22:22.711743+00:00 WARNING (ShoppingCart) Slow runtime for 'Warmup - completion' on thread reader_worker_0: 4797 us

[ns_server:info,2020-02-11T20:22:23.339Z,babysitter_of_ns_1@127.0.0.1:<0.78.0>:ns_port_server:log:223]memcached<0.78.0>: 2020-02-11T20:22:23.121112+00:00 WARNING (Recommendations) Slow runtime for 'Warmup - initialize' on thread reader_worker_3: 2939 ms
memcached<0.78.0>: 2020-02-11T20:22:23.201447+00:00 WARNING (Recommendations) Slow runtime for 'Warmup - completion' on thread reader_worker_0: 4526 us

[ns_server:info,2020-02-11T20:22:23.606Z,babysitter_of_ns_1@127.0.0.1:<0.78.0>:ns_port_server:log:223]memcached<0.78.0>: 2020-02-11T20:22:23.394527+00:00 WARNING (Products) Slow runtime for 'Warmup - initialize' on thread reader_worker_2: 2983 ms
memcached<0.78.0>: 2020-02-11T20:22:23.437874+00:00 WARNING (Orders) Slow runtime for 'Warmup - initialize' on thread reader_worker_1: 2924 ms
memcached<0.78.0>: 2020-02-11T20:22:23.472536+00:00 WARNING (Products) Slow runtime for 'Warmup - completion' on thread reader_worker_0: 21 ms
memcached<0.78.0>: 2020-02-11T20:22:23.524684+00:00 WARNING (Orders) Slow runtime for 'Warmup - completion' on thread reader_worker_2: 7727 us

[ns_server:info,2020-02-11T20:34:40.739Z,babysitter_of_ns_1@127.0.0.1:<0.78.0>:ns_port_server:log:223]memcached<0.78.0>: 2020-02-11T20:34:40.460958+00:00 WARNING (Products) Slow runtime for 'Monitoring a workload pattern' on thread nonIO_worker_2: 1072 us

[ns_server:info,2020-02-11T20:55:15.801Z,babysitter_of_ns_1@127.0.0.1:<0.78.0>:ns_port_server:log:223]memcached<0.78.0>: 2020-02-11T20:55:15.524733+00:00 WARNING (Orders) Slow runtime for 'Adjusting hash table sizes.' on thread nonIO_worker_2: 14 ms

[ns_server:info,2020-02-11T21:04:21.803Z,babysitter_of_ns_1@127.0.0.1:<0.78.0>:ns_port_server:log:223]memcached<0.78.0>: 2020-02-11T21:04:21.488483+00:00 WARNING (Recommendations) Slow runtime for 'Adjusting hash table sizes.' on thread nonIO_worker_2: 11 ms

[ns_server:info,2020-02-11T22:08:56.678Z,babysitter_of_ns_1@127.0.0.1:<0.78.0>:ns_port_server:log:223]memcached<0.78.0>: 2020-02-11T22:08:56.466951+00:00 WARNING (Products) Slow runtime for 'Adjusting hash table sizes.' on thread nonIO_worker_2: 11 ms

[ns_server:info,2020-02-11T22:08:59.681Z,babysitter_of_ns_1@127.0.0.1:<0.78.0>:ns_port_server:log:223]memcached<0.78.0>: 2020-02-11T22:08:59.477916+00:00 WARNING (Products) Slow runtime for 'Adjusting hash table sizes.' on thread nonIO_worker_1: 10 ms

[ns_server:info,2020-02-11T22:09:02.889Z,babysitter_of_ns_1@127.0.0.1:<0.78.0>:ns_port_server:log:223]memcached<0.78.0>: 2020-02-11T22:09:02.491453+00:00 WARNING (Products) Slow runtime for 'Adjusting hash table sizes.' on thread nonIO_worker_1: 12 ms

[ns_server:info,2020-02-11T23:18:42.839Z,babysitter_of_ns_1@127.0.0.1:<0.78.0>:ns_port_server:log:223]memcached<0.78.0>: 2020-02-11T23:18:42.468937+00:00 WARNING (Recommendations) Slow runtime for 'Adjusting hash table sizes.' on thread nonIO_worker_2: 11 ms

[ns_server:info,2020-02-12T06:31:16.194Z,babysitter_of_ns_1@127.0.0.1:<0.78.0>:ns_port_server:log:223]memcached<0.78.0>: 2020-02-12T06:31:15.980469+00:00 WARNING (ShoppingCart) Slow scheduling for NON_IO task 'Paging out items.' on thread nonIO_worker_1. Schedule overhead: 1698 ms
memcached<0.78.0>: 2020-02-12T06:31:15.980486+00:00 WARNING (ShoppingCart) Slow scheduling for NON_IO task 'Paging expired items.' on thread nonIO_worker_1. Schedule overhead: 2006 ms
memcached<0.78.0>: 2020-02-12T06:31:15.980919+00:00 WARNING (Recommendations) Slow scheduling for NON_IO task 'Paging out items.' on thread nonIO_worker_1. Schedule overhead: 1432 ms
memcached<0.78.0>: 2020-02-12T06:31:15.980928+00:00 WARNING (Recommendations) Slow scheduling for NON_IO task 'Paging expired items.' on thread nonIO_worker_1. Schedule overhead: 1713 ms
memcached<0.78.0>: 2020-02-12T06:31:15.981250+00:00 WARNING (Products) Slow scheduling for NON_IO task 'Paging out items.' on thread nonIO_worker_1. Schedule overhead: 1171 ms
memcached<0.78.0>: 2020-02-12T06:31:15.981259+00:00 WARNING (Products) Slow scheduling for NON_IO task 'Paging expired items.' on thread nonIO_worker_1. Schedule overhead: 1454 ms
memcached<0.78.0>: 2020-02-12T06:31:15.981646+00:00 WARNING (Orders) Slow scheduling for NON_IO task 'Paging out items.' on thread nonIO_worker_1. Schedule overhead: 1073 ms
memcached<0.78.0>: 2020-02-12T06:31:15.981657+00:00 WARNING (Orders) Slow scheduling for NON_IO task 'Paging expired items.' on thread nonIO_worker_1. Schedule overhead: 1368 ms
memcached<0.78.0>: 2020-02-12T06:31:15.982015+00:00 WARNING (ShoppingCart) Slow scheduling for NON_IO task 'DCP connection notifier' on thread nonIO_worker_1. Schedule overhead: 3851 ms
memcached<0.78.0>: 2020-02-12T06:31:15.982031+00:00 WARNING (Recommendations) Slow scheduling for NON_IO task 'DCP connection notifier' on thread nonIO_worker_1. Schedule overhead: 3418 ms
memcached<0.78.0>: 2020-02-12T06:31:15.982043+00:00 WARNING (Products) Slow scheduling for NON_IO task 'DCP connection notifier' on thread nonIO_worker_1. Schedule overhead: 3167 ms
memcached<0.78.0>: 2020-02-12T06:31:15.982052+00:00 WARNING (Orders) Slow scheduling for NON_IO task 'DCP connection notifier' on thread nonIO_worker_1. Schedule overhead: 3848 ms
memcached<0.78.0>: 2020-02-12T06:31:15.982060+00:00 WARNING (Products) Slow scheduling for NON_IO task 'Removing closed unreferenced checkpoints from memory' on thread nonIO_worker_1. Schedule overhead: 3950 ms
memcached<0.78.0>: 2020-02-12T06:31:15.990706+00:00 WARNING system clock changed? difference = 25796, memcached_epoch = 1581452539, memcached_uptime = 10802, new memcached_epoch = 1581478273, next check 10860
memcached<0.78.0>: 2020-02-12T06:31:15.990768+00:00 WARNING (Orders) Slow scheduling for NON_IO task 'Removing closed unreferenced checkpoints from memory' on thread nonIO_worker_2. Schedule overhead: 3905 ms
memcached<0.78.0>: 2020-02-12T06:31:15.992035+00:00 WARNING (ShoppingCart) Slow scheduling for NON_IO task 'Item Compressor' on thread nonIO_worker_2. Schedule overhead: 3939 ms
memcached<0.78.0>: 2020-02-12T06:31:15.992462+00:00 WARNING (Recommendations) Slow scheduling for NON_IO task 'Item Compressor' on thread nonIO_worker_2. Schedule overhead: 3880 ms
memcached<0.78.0>: 2020-02-12T06:31:15.992873+00:00 WARNING (Products) Slow scheduling for NON_IO task 'Item Compressor' on thread nonIO_worker_2. Schedule overhead: 3941 ms
memcached<0.78.0>: 2020-02-12T06:31:15.993240+00:00 WARNING (Orders) Slow scheduling for NON_IO task 'Item Compressor' on thread nonIO_worker_2. Schedule overhead: 3941 ms
memcached<0.78.0>: 2020-02-12T06:31:15.993257+00:00 WARNING (ShoppingCart) Slow scheduling for NON_IO task 'Connection Manager' on thread nonIO_worker_2. Schedule overhead: 3034 ms
memcached<0.78.0>: 2020-02-12T06:31:15.993316+00:00 WARNING (Recommendations) Slow scheduling for NON_IO task 'Connection Manager' on thread nonIO_worker_2. Schedule overhead: 3731 ms
memcached<0.78.0>: 2020-02-12T06:31:15.993351+00:00 WARNING (Products) Slow scheduling for NON_IO task 'Connection Manager' on thread nonIO_worker_2. Schedule overhead: 3484 ms
memcached<0.78.0>: 2020-02-12T06:31:15.993373+00:00 WARNING (Orders) Slow scheduling for NON_IO task 'Connection Manager' on thread nonIO_worker_2. Schedule overhead: 3466 ms
memcached<0.78.0>: 2020-02-12T06:31:15.993396+00:00 WARNING (ShoppingCart) Slow scheduling for NON_IO task 'Monitoring a workload pattern' on thread nonIO_worker_2. Schedule overhead: 1711 ms
memcached<0.78.0>: 2020-02-12T06:31:15.993401+00:00 WARNING (Recommendations) Slow scheduling for NON_IO task 'Monitoring a workload pattern' on thread nonIO_worker_2. Schedule overhead: 1444 ms
memcached<0.78.0>: 2020-02-12T06:31:15.993406+00:00 WARNING (Products) Slow scheduling for NON_IO task 'Monitoring a workload pattern' on thread nonIO_worker_2. Schedule overhead: 1151 ms
memcached<0.78.0>: 2020-02-12T06:31:15.993410+00:00 WARNING (Orders) Slow scheduling for NON_IO task 'Monitoring a workload pattern' on thread nonIO_worker_2. Schedule overhead: 1085 ms
memcached<0.78.0>: 2020-02-12T06:31:15.993415+00:00 WARNING (ShoppingCart) Slow scheduling for NON_IO task 'Adjusting hash table sizes.' on thread nonIO_worker_2. Schedule overhead: 3695 ms
memcached<0.78.0>: 2020-02-12T06:31:15.993639+00:00 WARNING (Recommendations) Slow scheduling for NON_IO task 'Adjusting hash table sizes.' on thread nonIO_worker_2. Schedule overhead: 3319 ms
memcached<0.78.0>: 2020-02-12T06:31:15.993845+00:00 WARNING (Products) Slow scheduling for NON_IO task 'Adjusting hash table sizes.' on thread nonIO_worker_2. Schedule overhead: 3111 ms
memcached<0.78.0>: 2020-02-12T06:31:15.994039+00:00 WARNING (Orders) Slow scheduling for NON_IO task 'Adjusting hash table sizes.' on thread nonIO_worker_2. Schedule overhead: 3017 ms
memcached<0.78.0>: 2020-02-12T06:31:16.014228+00:00 WARNING (Orders) Slow runtime for 'Adjusting hash table sizes.' on thread nonIO_worker_2: 20 ms

[ns_server:info,2020-02-12T06:31:21.227Z,babysitter_of_ns_1@127.0.0.1:<0.78.0>:ns_port_server:log:223]memcached<0.78.0>: 2020-02-12T06:31:21.010336+00:00 WARNING (ShoppingCart) Slow runtime for 'Adjusting hash table sizes.' on thread nonIO_worker_2: 14 ms

[ns_server:info,2020-02-12T06:31:46.259Z,babysitter_of_ns_1@127.0.0.1:<0.78.0>:ns_port_server:log:223]memcached<0.78.0>: 2020-02-12T06:31:46.040156+00:00 WARNING (Orders) Slow runtime for 'Checkpoint Remover on vb 261' on thread nonIO_worker_1: 19 ms

[ns_server:info,2020-02-12T06:32:06.473Z,babysitter_of_ns_1@127.0.0.1:<0.78.0>:ns_port_server:log:223]memcached<0.78.0>: 2020-02-12T06:32:06.073296+00:00 WARNING (Products) Slow runtime for 'Checkpoint Remover on vb 544' on thread nonIO_worker_0: 15 ms

[ns_server:info,2020-02-12T06:32:13.478Z,babysitter_of_ns_1@127.0.0.1:<0.78.0>:ns_port_server:log:223]memcached<0.78.0>: 2020-02-12T06:32:13.234998+00:00 WARNING system clock changed? difference = 58, memcached_epoch = 1581478273, memcached_uptime = 10860, new memcached_epoch = 1581478273, next check 10920

[ns_server:info,2020-02-12T06:34:42.414Z,babysitter_of_ns_1@127.0.0.1:<0.78.0>:ns_port_server:log:223]memcached<0.78.0>: 2020-02-12T06:34:42.180357+00:00 WARNING (Products) Slow runtime for 'Adjusting hash table sizes.' on thread nonIO_worker_2: 14 ms

[ns_server:info,2020-02-12T06:39:54.637Z,babysitter_of_ns_1@127.0.0.1:<0.78.0>:ns_port_server:log:223]memcached<0.78.0>: 2020-02-12T06:39:54.358294+00:00 WARNING (Orders) Slow runtime for 'Adjusting hash table sizes.' on thread nonIO_worker_0: 15 ms

[ns_server:info,2020-02-12T06:39:55.636Z,babysitter_of_ns_1@127.0.0.1:<0.78.0>:ns_port_server:log:223]memcached<0.78.0>: 2020-02-12T06:39:55.362954+00:00 WARNING (Products) Slow runtime for 'Adjusting hash table sizes.' on thread nonIO_worker_0: 14 ms

[ns_server:info,2020-02-12T06:41:26.702Z,babysitter_of_ns_1@127.0.0.1:<0.78.0>:ns_port_server:log:223]memcached<0.78.0>: 2020-02-12T06:41:26.414508+00:00 WARNING (Orders) Slow runtime for 'Adjusting hash table sizes.' on thread nonIO_worker_1: 10 ms

