[ns_server:error,2020-02-10T19:41:17.673Z,ns_1@127.0.0.1:<0.609.0>:menelaus_pluggable_ui:handle_resp:344]http client error {error,
                      {econnrefused,
                          [{lhttpc_client,send_request,1,
                               [{file,
                                    "/home/couchbase/jenkins/workspace/couchbase-server-unix/couchdb/src/lhttpc/lhttpc_client.erl"},
                                {line,220}]},
                           {lhttpc_client,execute,9,
                               [{file,
                                    "/home/couchbase/jenkins/workspace/couchbase-server-unix/couchdb/src/lhttpc/lhttpc_client.erl"},
                                {line,169}]},
                           {lhttpc_client,request,9,
                               [{file,
                                    "/home/couchbase/jenkins/workspace/couchbase-server-unix/couchdb/src/lhttpc/lhttpc_client.erl"},
                                {line,92}]}]}}

[ns_server:error,2020-02-10T19:41:17.844Z,ns_1@127.0.0.1:service_status_keeper_worker<0.383.0>:rest_utils:get_json_local:63]Request to (indexer) getIndexStatus failed: {error,
                                             {econnrefused,
                                              [{lhttpc_client,send_request,1,
                                                [{file,
                                                  "/home/couchbase/jenkins/workspace/couchbase-server-unix/couchdb/src/lhttpc/lhttpc_client.erl"},
                                                 {line,220}]},
                                               {lhttpc_client,execute,9,
                                                [{file,
                                                  "/home/couchbase/jenkins/workspace/couchbase-server-unix/couchdb/src/lhttpc/lhttpc_client.erl"},
                                                 {line,169}]},
                                               {lhttpc_client,request,9,
                                                [{file,
                                                  "/home/couchbase/jenkins/workspace/couchbase-server-unix/couchdb/src/lhttpc/lhttpc_client.erl"},
                                                 {line,92}]}]}}
[ns_server:error,2020-02-10T19:41:17.845Z,ns_1@127.0.0.1:service_status_keeper-index<0.385.0>:service_status_keeper:handle_cast:119]Service service_index returned incorrect status
[ns_server:error,2020-02-10T19:41:17.858Z,ns_1@127.0.0.1:service_status_keeper_worker<0.383.0>:rest_utils:get_json_local:63]Request to (fts) api/nsstatus failed: {error,
                                       {econnrefused,
                                        [{lhttpc_client,send_request,1,
                                          [{file,
                                            "/home/couchbase/jenkins/workspace/couchbase-server-unix/couchdb/src/lhttpc/lhttpc_client.erl"},
                                           {line,220}]},
                                         {lhttpc_client,execute,9,
                                          [{file,
                                            "/home/couchbase/jenkins/workspace/couchbase-server-unix/couchdb/src/lhttpc/lhttpc_client.erl"},
                                           {line,169}]},
                                         {lhttpc_client,request,9,
                                          [{file,
                                            "/home/couchbase/jenkins/workspace/couchbase-server-unix/couchdb/src/lhttpc/lhttpc_client.erl"},
                                           {line,92}]}]}}
[ns_server:error,2020-02-10T19:41:17.859Z,ns_1@127.0.0.1:service_status_keeper-fts<0.390.0>:service_status_keeper:handle_cast:119]Service service_fts returned incorrect status
[ns_server:error,2020-02-10T19:41:18.033Z,ns_1@127.0.0.1:query_stats_collector<0.370.0>:rest_utils:get_json_local:63]Request to (n1ql) /admin/stats failed: {error,
                                        {econnrefused,
                                         [{lhttpc_client,send_request,1,
                                           [{file,
                                             "/home/couchbase/jenkins/workspace/couchbase-server-unix/couchdb/src/lhttpc/lhttpc_client.erl"},
                                            {line,220}]},
                                          {lhttpc_client,execute,9,
                                           [{file,
                                             "/home/couchbase/jenkins/workspace/couchbase-server-unix/couchdb/src/lhttpc/lhttpc_client.erl"},
                                            {line,169}]},
                                          {lhttpc_client,request,9,
                                           [{file,
                                             "/home/couchbase/jenkins/workspace/couchbase-server-unix/couchdb/src/lhttpc/lhttpc_client.erl"},
                                            {line,92}]}]}}
[stats:error,2020-02-10T19:41:46.778Z,ns_1@127.0.0.1:<0.3524.0>:stats_reader:log_bad_responses:233]Some nodes didn't respond: ['ns_1@127.0.0.1']
[stats:error,2020-02-10T19:41:46.812Z,ns_1@127.0.0.1:<0.671.0>:stats_reader:log_bad_responses:233]Some nodes didn't respond: ['ns_1@127.0.0.1']
[stats:error,2020-02-10T19:43:06.367Z,ns_1@127.0.0.1:<0.7723.0>:stats_reader:log_bad_responses:233]Some nodes didn't respond: ['ns_1@127.0.0.1']
